2022-12-11 23:02:56,450 [main] INFO DriverPosting - www.support.xerox.com loaded
2022-12-11 23:02:56,819 [main] INFO DriverPosting - Model Typed Successfully
2022-12-11 23:02:56,931 [main] INFO DriverPosting - Model Search Button Clicked Successfully
2022-12-11 23:03:02,598 [main] INFO DriverPosting - Model SearchLink Clicked Successfully
2022-12-11 23:03:03,585 [main] INFO DriverPosting - Model Page Validated Successfully
2022-12-11 23:05:18,089 [main] INFO DriverPosting - www.support.xerox.com loaded
2022-12-11 23:05:18,443 [main] INFO DriverPosting - Model Typed Successfully
2022-12-11 23:05:18,556 [main] INFO DriverPosting - Model Search Button Clicked Successfully
2022-12-11 23:05:24,290 [main] INFO DriverPosting - Model SearchLink Clicked Successfully
2022-12-11 23:05:25,216 [main] INFO DriverPosting - Model Page Validated Successfully
2022-12-12 00:17:35,334 [main] INFO DriverPosting - www.support.xerox.com loaded
2022-12-12 00:17:37,347 [main] INFO DriverPosting - Model Typed Successfully
2022-12-12 00:17:37,462 [main] INFO DriverPosting - Model Search Button Clicked Successfully
2022-12-12 00:17:43,894 [main] INFO DriverPosting - Model SearchLink Clicked Successfully
2022-12-12 00:17:52,759 [main] INFO DriverPosting - Model Page Validated Successfully
2022-12-12 01:26:03,802 [main] INFO DriverPosting - www.support.xerox.com loaded
2022-12-12 01:26:07,506 [main] INFO DriverPosting - Model Typed Successfully
2022-12-12 01:26:08,953 [main] INFO DriverPosting - Model Search Button Clicked Successfully
2022-12-12 01:26:30,046 [main] INFO DriverPosting - Model SearchLink Clicked Successfully
2022-12-12 01:26:30,099 [main] INFO DriverPosting - Model Page Validated Successfully
